<?xml version="1.0" encoding="UTF-8"?>
<!-- Generated by org.testng.reporters.JUnitXMLReporter -->
<testsuite hostname="LAPTOP-IR9AULV6" ignored="0" name="Command line test" tests="5" failures="0" timestamp="2021-04-26T12:01:17 MDT" time="15.02" errors="0">
  <testcase name="testSelectOption" time="0.476" classname="dropdown.DropDownTest"/>
  <testcase name="testForgotPasswordMessage" time="0.623" classname="forgot_password.ForgotPasswordPageTest"/>
  <testcase name="testBackSpace" time="0.325" classname="keys.KeyPressesTest"/>
  <testcase name="testShortCuts" time="0.277" classname="keys.KeyPressesTest"/>
  <testcase name="testElementsQuantity" time="0.422" classname="shifting_content.MenuElementsTest"/>
</testsuite> <!-- Command line test -->
