<?xml version="1.0" encoding="UTF-8"?>
<testsuite xmlns:xsi="http://www.w3.org/2001/XMLSchema-instance" xsi:noNamespaceSchemaLocation="https://maven.apache.org/surefire/maven-surefire-plugin/xsd/surefire-test-report.xsd" name="TestSuite" time="91.558" tests="21" errors="0" skipped="0" failures="1">
  <properties>
[...]
</properties>
  <testcase name="testAlert" classname="alerts.AlertTests" time="0.494"/>
  <testcase name="testConfirm" classname="alerts.AlertTests" time="0.412"/>
  <testcase name="testPrompt" classname="alerts.AlertTests" time="0.428"/>
  <testcase name="testSelectOption" classname="dropdown.DropDownTest" time="0.53"/>
  <testcase name="testExample2DynamicLoad" classname="dynamic_load.DynamicLoadExample2Test" time="0.743"/>
  <testcase name="testWaits" classname="dynamic_load.LoadWaitTest" time="6.253"/>
  <testcase name="testFileUpload" classname="files_uploads_downloads.FileUploadTests" time="0.945"/>
  <testcase name="testForgotPasswordMessage" classname="forgot_password.ForgotPasswordPageTest" time="0.74"/>
  <testcase name="testEditor" classname="frames.FrameTest" time="1.898"/>
  <testcase name="testMiddleFrameText" classname="frames.NestedFrameTest" time="1.133">
    <failure message="Wrong text expected [MIDDLE] but found []" type="java.lang.AssertionError">java.lang.AssertionError: Wrong text expected [MIDDLE] but found []
	at frames.NestedFrameTest.testMiddleFrameText(NestedFrameTest.java:16)
</failure>
    <system-out><![CDATA[clicked on Frames
clicked on Nested Frames
]]></system-out>
    <system-err><![CDATA[Starting ChromeDriver 89.0.4389.23 (61b08ee2c50024bab004e48d2b1b083cdbdac579-refs/branch-heads/4389@{#294}) on port 45041
Only local connections are allowed.
Please see https://chromedriver.chromium.org/security-considerations for suggestions on keeping ChromeDriver safe.
ChromeDriver was started successfully.
[1620499616.010][WARNING]: This version of ChromeDriver has not been tested with Chrome version 90.
May 08, 2021 12:46:56 PM org.openqa.selenium.remote.ProtocolHandshake createSession
INFO: Detected dialect: W3C
]]></system-err>
  </testcase>
  <testcase name="testHorizontalSlider" classname="horizontal_slider.HorizontalSliderTests" time="1.09"/>
  <testcase name="testHoverUser1" classname="hover.HoverTests" time="0.838"/>
  <testcase name="testJavaScriptExecution" classname="javascript.JavaScriptTest" time="0.475"/>
  <testcase name="testScrollToParagraph" classname="javascript.JavaScriptTest" time="1.227"/>
  <testcase name="testBackSpace" classname="keys.KeyPressesTest" time="0.339"/>
  <testcase name="testShortCuts" classname="keys.KeyPressesTest" time="0.324"/>
  <testcase name="testSuccessfulLogin" classname="login.LoginTests" time="1.063"/>
  <testcase name="testModalWindow" classname="modal_windows.ModalWindowTests" time="0.916"/>
  <testcase name="testNavigation" classname="navigation.NavigationTests" time="8.261"/>
  <testcase name="testSwitchToTab" classname="navigation.NavigationTests" time="0.631"/>
  <testcase name="testElementsQuantity" classname="shifting_content.MenuElementsTest" time="0.495"/>
</testsuite>